Arguments: 
  C:\Program Files\nodejs\node.exe C:\Program Files\nodejs\node_modules\yarn\bin\yarn.js add deepEqual

PATH: 
  C:\ProgramData\Oracle\Java\javapath;C:\Program Files (x86)\Intel\iCLS Client\;C:\Program Files\Intel\iCLS Client\;C:\Windows\system32;C:\Windows;C:\Windows\System32\Wbem;C:\Windows\System32\WindowsPowerShell\v1.0\;C:\Program Files\Intel\Intel(R) Management Engine Components\DAL;C:\Program Files\Intel\Intel(R) Management Engine Components\IPT;C:\Program Files (x86)\Intel\Intel(R) Management Engine Components\DAL;C:\Program Files (x86)\Intel\Intel(R) Management Engine Components\IPT;C:\Program Files\Intel\WiFi\bin\;C:\Program Files\Common Files\Intel\WirelessCommon\;C:\Program Files (x86)\Windows Live\Shared;C:\Program Files (x86)\Skype\Phone\;C:\HashiCorp\Vagrant\bin;C:\Users\fresheneesz\AppData\Roaming\nvm;C:\Program Files\nodejs;C:\Program Files (x86)\NVIDIA Corporation\PhysX\Common;C:\Program Files (x86)\Calibre2\;C:\Go\bin;C:\Program Files\Git\cmd

Yarn version: 
  1.2.1

Node version: 
  7.10.0

Platform: 
  win32 x64

npm manifest: 
  {"name":"limaCompiler",
   "version":"0.0.1",
   "main":"buildAndPrint.js",
   "description": "",
   "keywords": [
   ],
   "dependencies":{
     "proto":"*",
      "parsimmon": "https://github.com/fresheneesz/parsimmon/archive/1522c3b9cac2ced1fa894001f04c0d36f4c13dc0.tar.gz"
   },
   "devDependencies": {
   },
   "repository": {
     "type": "git",
     "url": "git://github.com/Tixit/odiff"
   }
  }

yarn manifest: 
  No manifest

Lockfile: 
  # THIS IS AN AUTOGENERATED FILE. DO NOT EDIT THIS FILE DIRECTLY.
  # yarn lockfile v1
  
  
  "parsimmon@https://github.com/fresheneesz/parsimmon/archive/1522c3b9cac2ced1fa894001f04c0d36f4c13dc0.tar.gz":
    version "1.6.2"
    resolved "https://github.com/fresheneesz/parsimmon/archive/1522c3b9cac2ced1fa894001f04c0d36f4c13dc0.tar.gz#be2b7cd8a36fe2ea47b347aa685be4b3e8bb7265"
  
  proto@*:
    version "1.0.19"
    resolved "https://registry.yarnpkg.com/proto/-/proto-1.0.19.tgz#4dba250b34398ae242de24153e7bf9dab2fe4385"

Trace: 
  Error: https://registry.yarnpkg.com/deepEqual: Not found
      at Request.params.callback [as _callback] (C:\Users\fresheneesz\AppData\Roaming\nvm\v7.10.0\node_modules\yarn\lib\cli.js:62027:18)
      at Request.self.callback (C:\Users\fresheneesz\AppData\Roaming\nvm\v7.10.0\node_modules\yarn\lib\cli.js:123011:22)
      at emitTwo (events.js:106:13)
      at Request.emit (events.js:194:7)
      at Request.<anonymous> (C:\Users\fresheneesz\AppData\Roaming\nvm\v7.10.0\node_modules\yarn\lib\cli.js:123994:10)
      at emitOne (events.js:96:13)
      at Request.emit (events.js:191:7)
      at IncomingMessage.<anonymous> (C:\Users\fresheneesz\AppData\Roaming\nvm\v7.10.0\node_modules\yarn\lib\cli.js:123914:12)
      at Object.onceWrapper (events.js:293:19)
      at emitNone (events.js:91:20)
